Server: Avvio processo server (PID: 55316).
Server: Scheduling impostato su SJF (Shortest Job First).
Server: Coda messaggi server creata/ottenuta con ID: 196694
Server: Memoria condivisa attaccata con ID: 98349
Server: Semaforo '/server_worker_limit_sem' creato/aperto con valore iniziale 5.
Server: Semaforo '/server_queue_mutex_sem' creato/aperto.
Server: Semaforo '/server_queue_fill_sem' creato/aperto.
Server: Inizializzazione SHM e semafori completata. Limite worker: 5.
Server: In attesa di richieste...
Server: Limite massimo worker aggiornato da 5 a 2.
Server: Decrementato semaforo worker_limit per ridurre limite.
Server: Decrementato semaforo worker_limit per ridurre limite.
Server: Decrementato semaforo worker_limit per ridurre limite.
Server: Ricevuta richiesta da PID 55330 per file 'test/large_file_1.bin' (dimensione: 215040 byte).
Server: Attesa di un posto worker disponibile...
Server: Posto worker acquisito.
Server: Richiesta da PID 55330 accodata. Richieste in sospeso: 1. Worker attivi: 1/2.
Worker PID 55335: Elaborazione richiesta per file: 'test/medium_file_1.bin' (dimensione: 61440 byte) da client PID: 55332.
Worker PID 55335: Elaborazione completata per 'test/medium_file_1.bin'. Hash: f2d4c9ee51fe0fc841123ec20cb6b4e7e78a695defc3b437af952ce316e6b55f
Server: Avvio processo server (PID: 55316).
Server: Scheduling impostato su SJF (Shortest Job First).
Server: Coda messaggi server creata/ottenuta con ID: 196694
Server: Memoria condivisa attaccata con ID: 98349
Server: Semaforo '/server_worker_limit_sem' creato/aperto con valore iniziale 5.
Server: Semaforo '/server_queue_mutex_sem' creato/aperto.
Server: Semaforo '/server_queue_fill_sem' creato/aperto.
Server: Inizializzazione SHM e semafori completata. Limite worker: 5.
Server: In attesa di richieste...
Server: Limite massimo worker aggiornato da 5 a 2.
Server: Decrementato semaforo worker_limit per ridurre limite.
Server: Decrementato semaforo worker_limit per ridurre limite.
Server: Decrementato semaforo worker_limit per ridurre limite.
Server: Ricevuta richiesta da PID 55330 per file 'test/large_file_1.bin' (dimensione: 215040 byte).
Server: Attesa di un posto worker disponibile...
Server: Posto worker acquisito.
Server: Richiesta da PID 55330 accodata. Richieste in sospeso: 1. Worker attivi: 1/2.
Server: Ricevuta richiesta da PID 55332 per file 'test/medium_file_1.bin' (dimensione: 61440 byte).
Server: Attesa di un posto worker disponibile...
Server: Posto worker acquisito.
Server: Coda riordinata per SJF. Prossimo file: 'test/medium_file_1.bin' (dim: 61440)
Server: Richiesta da PID 55332 accodata. Richieste in sospeso: 2. Worker attivi: 2/2.
Worker PID 55336: Elaborazione richiesta per file: 'test/large_file_1.bin' (dimensione: 215040 byte) da client PID: 55330.
Worker PID 55336: Elaborazione completata per 'test/large_file_1.bin'. Hash: de244a4e7922acb496aa504107ff88b377e8635858410409d153174042c6d424
Server: Avvio processo server (PID: 55316).
Server: Scheduling impostato su SJF (Shortest Job First).
Server: Coda messaggi server creata/ottenuta con ID: 196694
Server: Memoria condivisa attaccata con ID: 98349
Server: Semaforo '/server_worker_limit_sem' creato/aperto con valore iniziale 5.
Server: Semaforo '/server_queue_mutex_sem' creato/aperto.
Server: Semaforo '/server_queue_fill_sem' creato/aperto.
Server: Inizializzazione SHM e semafori completata. Limite worker: 5.
Server: In attesa di richieste...
Server: Limite massimo worker aggiornato da 5 a 2.
Server: Decrementato semaforo worker_limit per ridurre limite.
Server: Decrementato semaforo worker_limit per ridurre limite.
Server: Decrementato semaforo worker_limit per ridurre limite.
Server: Ricevuta richiesta da PID 55330 per file 'test/large_file_1.bin' (dimensione: 215040 byte).
Server: Attesa di un posto worker disponibile...
Server: Posto worker acquisito.
Server: Richiesta da PID 55330 accodata. Richieste in sospeso: 1. Worker attivi: 1/2.
Server: Ricevuta richiesta da PID 55332 per file 'test/medium_file_1.bin' (dimensione: 61440 byte).
Server: Attesa di un posto worker disponibile...
Server: Posto worker acquisito.
Server: Coda riordinata per SJF. Prossimo file: 'test/medium_file_1.bin' (dim: 61440)
Server: Richiesta da PID 55332 accodata. Richieste in sospeso: 2. Worker attivi: 2/2.
Server: Ricevuta richiesta da PID 55331 per file 'test/small_file_1.bin' (dimensione: 1024 byte).
Server: Attesa di un posto worker disponibile...
Server: Posto worker acquisito.
Server: Richiesta da PID 55331 accodata. Richieste in sospeso: 1. Worker attivi: 3/2.
Worker PID 55337: Elaborazione richiesta per file: 'test/small_file_1.bin' (dimensione: 1024 byte) da client PID: 55331.
Worker PID 55337: Elaborazione completata per 'test/small_file_1.bin'. Hash: 88a024b9d1f0a44e48b924320938567e7ba58753005ede06baf26e315c5035ae
Server: Avvio processo server (PID: 55316).
Server: Scheduling impostato su SJF (Shortest Job First).
Server: Coda messaggi server creata/ottenuta con ID: 196694
Server: Memoria condivisa attaccata con ID: 98349
Server: Semaforo '/server_worker_limit_sem' creato/aperto con valore iniziale 5.
Server: Semaforo '/server_queue_mutex_sem' creato/aperto.
Server: Semaforo '/server_queue_fill_sem' creato/aperto.
Server: Inizializzazione SHM e semafori completata. Limite worker: 5.
Server: In attesa di richieste...
Server: Limite massimo worker aggiornato da 5 a 2.
Server: Decrementato semaforo worker_limit per ridurre limite.
Server: Decrementato semaforo worker_limit per ridurre limite.
Server: Decrementato semaforo worker_limit per ridurre limite.
Server: Ricevuta richiesta da PID 55330 per file 'test/large_file_1.bin' (dimensione: 215040 byte).
Server: Attesa di un posto worker disponibile...
Server: Posto worker acquisito.
Server: Richiesta da PID 55330 accodata. Richieste in sospeso: 1. Worker attivi: 1/2.
Server: Ricevuta richiesta da PID 55332 per file 'test/medium_file_1.bin' (dimensione: 61440 byte).
Server: Attesa di un posto worker disponibile...
Server: Posto worker acquisito.
Server: Coda riordinata per SJF. Prossimo file: 'test/medium_file_1.bin' (dim: 61440)
Server: Richiesta da PID 55332 accodata. Richieste in sospeso: 2. Worker attivi: 2/2.
Server: Ricevuta richiesta da PID 55331 per file 'test/small_file_1.bin' (dimensione: 1024 byte).
Server: Attesa di un posto worker disponibile...
Server: Posto worker acquisito.
Server: Richiesta da PID 55331 accodata. Richieste in sospeso: 1. Worker attivi: 3/2.
Server: Ricevuta richiesta da PID 55333 per file 'test/large_file_2.bin' (dimensione: 225280 byte).
Server: Attesa di un posto worker disponibile...
Server: Processo worker PID 55335 terminato. Worker attivi: 2.
Server: Posto worker acquisito.
Server: Richiesta da PID 55333 accodata. Richieste in sospeso: 1. Worker attivi: 3/2.
Worker PID 55338: Elaborazione richiesta per file: 'test/large_file_2.bin' (dimensione: 225280 byte) da client PID: 55333.
Worker PID 55338: Elaborazione completata per 'test/large_file_2.bin'. Hash: 65ee40c4e7fce99831dec7e10a2166c409a322247e8d2f18ce42ab577b187695
Server: Avvio processo server (PID: 55316).
Server: Scheduling impostato su SJF (Shortest Job First).
Server: Coda messaggi server creata/ottenuta con ID: 196694
Server: Memoria condivisa attaccata con ID: 98349
Server: Semaforo '/server_worker_limit_sem' creato/aperto con valore iniziale 5.
Server: Semaforo '/server_queue_mutex_sem' creato/aperto.
Server: Semaforo '/server_queue_fill_sem' creato/aperto.
Server: Inizializzazione SHM e semafori completata. Limite worker: 5.
Server: In attesa di richieste...
Server: Limite massimo worker aggiornato da 5 a 2.
Server: Decrementato semaforo worker_limit per ridurre limite.
Server: Decrementato semaforo worker_limit per ridurre limite.
Server: Decrementato semaforo worker_limit per ridurre limite.
Server: Ricevuta richiesta da PID 55330 per file 'test/large_file_1.bin' (dimensione: 215040 byte).
Server: Attesa di un posto worker disponibile...
Server: Posto worker acquisito.
Server: Richiesta da PID 55330 accodata. Richieste in sospeso: 1. Worker attivi: 1/2.
Server: Ricevuta richiesta da PID 55332 per file 'test/medium_file_1.bin' (dimensione: 61440 byte).
Server: Attesa di un posto worker disponibile...
Server: Posto worker acquisito.
Server: Coda riordinata per SJF. Prossimo file: 'test/medium_file_1.bin' (dim: 61440)
Server: Richiesta da PID 55332 accodata. Richieste in sospeso: 2. Worker attivi: 2/2.
Server: Ricevuta richiesta da PID 55331 per file 'test/small_file_1.bin' (dimensione: 1024 byte).
Server: Attesa di un posto worker disponibile...
Server: Posto worker acquisito.
Server: Richiesta da PID 55331 accodata. Richieste in sospeso: 1. Worker attivi: 3/2.
Server: Ricevuta richiesta da PID 55333 per file 'test/large_file_2.bin' (dimensione: 225280 byte).
Server: Attesa di un posto worker disponibile...
Server: Processo worker PID 55335 terminato. Worker attivi: 2.
Server: Posto worker acquisito.
Server: Richiesta da PID 55333 accodata. Richieste in sospeso: 1. Worker attivi: 3/2.
Server: Ricevuta richiesta da PID 55334 per file 'test/small_file_2.bin' (dimensione: 2048 byte).
Server: Attesa di un posto worker disponibile...
Server: Processo worker PID 55336 terminato. Worker attivi: 2.
Server: Posto worker acquisito.
Server: Richiesta da PID 55334 accodata. Richieste in sospeso: 1. Worker attivi: 3/2.
Worker PID 55339: Elaborazione richiesta per file: 'test/small_file_2.bin' (dimensione: 2048 byte) da client PID: 55334.
Worker PID 55339: Elaborazione completata per 'test/small_file_2.bin'. Hash: 16fecdf3821cea3c373b24132f3286ce307076417f32a14659a66e9a0f9ac012
